Define Definitions

Link Database Path: "D:\develop\viewrep\"
Creation: 08/02/98 12:09:25

   CLOSE_BAR            - "D:\develop\viewrep\viewfill.c"(32:9)
   COMMAND              - "D:\develop\viewrep\viewrep.c"(213:9)
   ESCAPE               - "D:\develop\viewrep\viewfill.c"(29:9)
   ESCLEN               - "D:\develop\viewrep\viewfill.c"(28:9)
   EXTERN               - "D:\develop\viewrep\viewrep.c"(214:9)
   EXTRAWORDS           - "D:\develop\viewrep\viewrep.c"(211:9)
   GPF_P2C_LEVEL        - "D:\develop\viewrep\viewrep.c"(212:9)
   HOR_LINE             - "D:\develop\viewrep\viewfill.c"(33:9)
   INCL_DOS             - "D:\develop\viewrep\viewrep.c"(157:9)
   INCL_DOSERRORS       - "D:\develop\viewrep\viewrep.c"(158:9)
   INCL_DOSEXCEPTIONS   - "D:\develop\viewrep\viewrep.c"(159:9)
   INCL_GPIBITMAPS      - "D:\develop\viewrep\viewrep.c"(189:9)
   INCL_GPILCIDS        - "D:\develop\viewrep\viewrep.c"(188:9)
   INCL_GPIPRIMITIVES   - "D:\develop\viewrep\viewrep.c"(187:9)
   INCL_WINACCELERATORS - "D:\develop\viewrep\viewrep.c"(175:9)
   INCL_WINBUTTONS      - "D:\develop\viewrep\viewrep.c"(166:9)
   INCL_WINCLIPBOARD    - "D:\develop\viewrep\viewrep.c"(176:9)
   INCL_WINCURSORS      - "D:\develop\viewrep\viewrep.c"(177:9)
   INCL_WINDIALOGS      - "D:\develop\viewrep\viewfill.c"(5:9)
   INCL_WINDIALOGS      - "D:\develop\viewrep\viewrep.c"(164:9)
   INCL_WINENTRYFIELDS  - "D:\develop\viewrep\viewrep.c"(167:9)
   INCL_WINERRORS       - "D:\develop\viewrep\viewrep.c"(182:9)
   INCL_WINFRAMEMGR     - "D:\develop\viewrep\viewrep.c"(172:9)
   INCL_WINHELP         - "D:\develop\viewrep\viewrep.c"(183:9)
   INCL_WININPUT        - "D:\develop\viewrep\viewrep.c"(163:9)
   INCL_WINLISTBOXES    - "D:\develop\viewrep\viewfill.c"(6:9)
   INCL_WINLISTBOXES    - "D:\develop\viewrep\viewrep.c"(169:9)
   INCL_WINMENUS        - "D:\develop\viewrep\viewrep.c"(170:9)
   INCL_WINMESSAGEMGR   - "D:\develop\viewrep\viewfill.c"(8:9)
   INCL_WINMESSAGEMGR   - "D:\develop\viewrep\viewrep.c"(162:9)
   INCL_WINMLE          - "D:\develop\viewrep\viewrep.c"(168:9)
   INCL_WINPOINTERS     - "D:\develop\viewrep\viewrep.c"(178:9)
   INCL_WINPROGRAMLIST  - "D:\develop\viewrep\viewrep.c"(180:9)
   INCL_WINRECTANGLES   - "D:\develop\viewrep\viewrep.c"(173:9)
   INCL_WINSCROLLBARS   - "D:\develop\viewrep\viewrep.c"(171:9)
   INCL_WINSHELLDATA    - "D:\develop\viewrep\profile.c"(5:9)
   INCL_WINSHELLDATA    - "D:\develop\viewrep\viewrep.c"(181:9)
   INCL_WINSTATICS      - "D:\develop\viewrep\viewrep.c"(165:9)
   INCL_WINSTDDLGS      - "D:\develop\viewrep\viewrep.c"(185:9)
   INCL_WINSWITCHLIST   - "D:\develop\viewrep\viewfill.c"(9:9)
   INCL_WINSWITCHLIST   - "D:\develop\viewrep\viewrep.c"(179:9)
   INCL_WINSYS          - "D:\develop\viewrep\viewrep.c"(174:9)
   INCL_WINTIMER        - "D:\develop\viewrep\viewrep.c"(184:9)
   INCL_WINWINDOWMGR    - "D:\develop\viewrep\profile.c"(6:9)
   INCL_WINWINDOWMGR    - "D:\develop\viewrep\viewfill.c"(7:9)
   INCL_WINWINDOWMGR    - "D:\develop\viewrep\viewrep.c"(161:9)
   LINELEN              - "D:\develop\viewrep\viewfill.c"(26:9)
   MARKER               - "D:\develop\viewrep\viewfill.c"(30:9)
   OPEN_BAR             - "D:\develop\viewrep\viewfill.c"(31:9)
   PROFILE_H            - "D:\develop\viewrep\profile.h"(6:9)
   QUEUE_H              - "D:\develop\viewrep\queue.h"(6:9)
   STACKSIZE            - "D:\develop\viewrep\viewfill.c"(27:9)
   STACKSIZE            - "D:\develop\viewrep\viewrep.c"(215:9)
   VIEWREP_H            - "D:\develop\viewrep\viewrep.h"(6:9)

   Number of Entries: 54